<?xml version="1.0" encoding="UTF-8"?>
<testsuite xmlns:xsi="http://www.w3.org/2001/XMLSchema-instance" xsi:noNamespaceSchemaLocation="https://maven.apache.org/surefire/maven-surefire-plugin/xsd/surefire-test-report-3.0.xsd" version="3.0" name="HeapSortTest" time="0.12" tests="7" errors="0" skipped="0" failures="0">
  <properties>
[...]
</properties>
  <testcase name="testSortWithReverseSortedArray" classname="HeapSortTest" time="0.014"/>
  <testcase name="testSortWithDuplicates" classname="HeapSortTest" time="0.0"/>
  <testcase name="testSortWithEmptyArray" classname="HeapSortTest" time="0.0"/>
  <testcase name="testSortWithAlreadySortedArray" classname="HeapSortTest" time="0.0"/>
  <testcase name="testSortWithUnsortedArray" classname="HeapSortTest" time="0.0"/>
  <testcase name="testSortWithNegativeNumbers" classname="HeapSortTest" time="0.0"/>
  <testcase name="testSortWithSingleElement" classname="HeapSortTest" time="0.0"/>
</testsuite>